<component name="libraryTable">
  <library name="junit-4.12 (2)">
    <CLASSES />
    <JAVADOC />
    <SOURCES />
  </library>
</component>